<?xml version="1.0" encoding="UTF-8"?>
<!-- Generated by org.testng.reporters.JUnitXMLReporter -->
<testsuite ignored="0" hostname="DESKTOP-K6AB42U" failures="0" tests="5" name="Test" time="31.279" errors="0" timestamp="2024-07-05T22:22:51 IST">
  <testcase classname="tests.FourTest" name="testfour" time="0.029"/>
  <testcase classname="tests.TwoTest" name="testtwo" time="0.008"/>
  <testcase classname="tests.ThreeTest" name="testthree" time="0.008"/>
  <testcase classname="tests.LoginTest" name="login" time="9.925"/>
  <testcase classname="tests.LoginTest" name="login" time="11.637"/>
</testsuite> <!-- Test -->
